mode: set
skillfun-mcp/internal/bundle/store.go:256.93,257.30 1 1
skillfun-mcp/internal/bundle/store.go:257.30,259.3 1 0
skillfun-mcp/internal/bundle/store.go:261.2,263.39 3 1
skillfun-mcp/internal/bundle/store.go:263.39,265.62 2 1
skillfun-mcp/internal/bundle/store.go:265.62,267.4 1 1
skillfun-mcp/internal/bundle/store.go:268.3,268.42 1 1
skillfun-mcp/internal/bundle/store.go:268.42,269.12 1 0
skillfun-mcp/internal/bundle/store.go:271.3,272.42 2 1
skillfun-mcp/internal/bundle/store.go:275.2,275.18 1 1
skillfun-mcp/internal/bundle/store.go:278.77,279.29 1 1
skillfun-mcp/internal/bundle/store.go:279.29,280.17 1 1
skillfun-mcp/internal/bundle/store.go:280.18,280.19 0 1
skillfun-mcp/internal/bundle/store.go:283.2,285.38 3 1
skillfun-mcp/internal/bundle/store.go:285.38,286.23 1 1
skillfun-mcp/internal/bundle/store.go:286.23,287.12 1 1
skillfun-mcp/internal/bundle/store.go:289.3,289.45 1 1
skillfun-mcp/internal/bundle/store.go:289.45,290.12 1 1
skillfun-mcp/internal/bundle/store.go:292.3,293.39 2 1
skillfun-mcp/internal/bundle/store.go:295.2,295.41 1 1
skillfun-mcp/internal/bundle/store.go:295.41,297.3 1 1
skillfun-mcp/internal/bundle/store.go:299.2,301.31 3 1
skillfun-mcp/internal/bundle/store.go:301.31,303.14 2 1
skillfun-mcp/internal/bundle/store.go:303.14,306.4 2 1
skillfun-mcp/internal/bundle/store.go:307.3,307.30 1 1
skillfun-mcp/internal/bundle/store.go:309.2,311.29 2 1
skillfun-mcp/internal/bundle/store.go:311.29,313.3 1 1
skillfun-mcp/internal/bundle/store.go:315.2,315.16 1 1
skillfun-mcp/internal/bundle/store.go:315.16,316.40 1 1
skillfun-mcp/internal/bundle/store.go:316.40,318.4 1 1
skillfun-mcp/internal/bundle/store.go:396.59,397.28 1 1
skillfun-mcp/internal/bundle/store.go:397.28,399.3 1 1
skillfun-mcp/internal/bundle/store.go:403.58,408.33 2 1
skillfun-mcp/internal/bundle/store.go:408.33,409.20 1 1
skillfun-mcp/internal/bundle/store.go:409.20,411.4 1 1
skillfun-mcp/internal/bundle/store.go:413.2,413.14 1 1
skillfun-mcp/internal/bundle/store.go:417.74,419.16 2 1
skillfun-mcp/internal/bundle/store.go:419.16,421.3 1 1
skillfun-mcp/internal/bundle/store.go:422.2,425.18 3 1
skillfun-mcp/internal/bundle/store.go:425.18,434.17 2 1
skillfun-mcp/internal/bundle/store.go:434.17,436.4 1 0
skillfun-mcp/internal/bundle/store.go:437.3,437.36 1 1
skillfun-mcp/internal/bundle/store.go:440.2,440.35 1 1
skillfun-mcp/internal/bundle/store.go:440.35,442.3 1 0
skillfun-mcp/internal/bundle/store.go:444.2,444.21 1 1
skillfun-mcp/internal/bundle/store.go:448.101,451.16 3 1
skillfun-mcp/internal/bundle/store.go:451.16,453.3 1 0
skillfun-mcp/internal/bundle/store.go:455.2,456.16 2 1
skillfun-mcp/internal/bundle/store.go:456.16,458.3 1 0
skillfun-mcp/internal/bundle/store.go:459.2,462.18 3 1
skillfun-mcp/internal/bundle/store.go:462.18,465.58 3 1
skillfun-mcp/internal/bundle/store.go:465.58,467.4 1 0
skillfun-mcp/internal/bundle/store.go:469.3,470.58 2 1
skillfun-mcp/internal/bundle/store.go:470.58,472.4 1 1
skillfun-mcp/internal/bundle/store.go:473.3,473.30 1 1
skillfun-mcp/internal/bundle/store.go:476.2,476.35 1 1
skillfun-mcp/internal/bundle/store.go:476.35,478.3 1 0
skillfun-mcp/internal/bundle/store.go:480.2,484.8 2 1
skillfun-mcp/internal/bundle/store.go:488.154,490.62 2 1
skillfun-mcp/internal/bundle/store.go:490.62,492.3 1 0
skillfun-mcp/internal/bundle/store.go:494.2,495.16 2 1
skillfun-mcp/internal/bundle/store.go:495.16,497.3 1 0
skillfun-mcp/internal/bundle/store.go:498.2,501.18 3 1
skillfun-mcp/internal/bundle/store.go:501.18,503.77 2 1
skillfun-mcp/internal/bundle/store.go:503.77,505.4 1 0
skillfun-mcp/internal/bundle/store.go:506.3,506.57 1 1
skillfun-mcp/internal/bundle/store.go:506.57,507.12 1 1
skillfun-mcp/internal/bundle/store.go:509.3,509.39 1 1
skillfun-mcp/internal/bundle/store.go:512.2,512.35 1 1
skillfun-mcp/internal/bundle/store.go:512.35,514.3 1 0
skillfun-mcp/internal/bundle/store.go:516.2,516.22 1 1
skillfun-mcp/internal/bundle/store.go:520.167,522.16 2 1
skillfun-mcp/internal/bundle/store.go:522.16,524.3 1 0
skillfun-mcp/internal/bundle/store.go:526.2,526.35 1 1
skillfun-mcp/internal/bundle/store.go:526.35,527.54 1 1
skillfun-mcp/internal/bundle/store.go:527.54,529.4 1 1
skillfun-mcp/internal/bundle/store.go:532.2,532.55 1 1
skillfun-mcp/internal/bundle/store.go:536.92,537.29 1 1
skillfun-mcp/internal/bundle/store.go:537.29,539.3 1 0
skillfun-mcp/internal/bundle/store.go:541.2,545.55 5 1
skillfun-mcp/internal/bundle/store.go:545.55,547.3 1 0
skillfun-mcp/internal/bundle/store.go:549.2,550.16 2 1
skillfun-mcp/internal/bundle/store.go:550.16,552.3 1 0
skillfun-mcp/internal/bundle/store.go:553.2,553.52 1 1
skillfun-mcp/internal/bundle/store.go:553.52,555.3 1 0
skillfun-mcp/internal/bundle/store.go:556.2,560.54 4 1
skillfun-mcp/internal/bundle/store.go:560.54,562.3 1 0
skillfun-mcp/internal/bundle/store.go:564.2,565.16 2 1
skillfun-mcp/internal/bundle/store.go:565.16,567.3 1 0
skillfun-mcp/internal/bundle/store.go:568.2,571.16 3 1
skillfun-mcp/internal/bundle/store.go:571.16,573.3 1 1
skillfun-mcp/internal/bundle/store.go:575.2,583.16 1 1
skillfun-mcp/internal/bundle/store.go:583.16,585.66 2 0
skillfun-mcp/internal/bundle/store.go:585.66,587.4 1 0
skillfun-mcp/internal/bundle/store.go:588.3,588.56 1 0
skillfun-mcp/internal/bundle/store.go:591.2,592.16 2 1
skillfun-mcp/internal/bundle/store.go:592.16,594.3 1 0
skillfun-mcp/internal/bundle/store.go:596.2,596.76 1 1
skillfun-mcp/internal/bundle/store.go:596.76,598.3 1 0
skillfun-mcp/internal/bundle/store.go:600.2,600.125 1 1
skillfun-mcp/internal/bundle/store.go:600.125,602.3 1 0
skillfun-mcp/internal/bundle/store.go:604.2,604.118 1 1
skillfun-mcp/internal/bundle/store.go:604.118,605.137 1 0
skillfun-mcp/internal/bundle/store.go:605.137,607.4 1 0
skillfun-mcp/internal/bundle/store.go:610.2,610.36 1 1
skillfun-mcp/internal/bundle/store.go:610.36,612.3 1 0
skillfun-mcp/internal/bundle/store.go:614.2,614.73 1 1
skillfun-mcp/internal/bundle/store.go:614.73,616.3 1 1
skillfun-mcp/internal/bundle/store.go:618.2,618.43 1 1
skillfun-mcp/internal/bundle/store.go:622.80,624.16 2 1
skillfun-mcp/internal/bundle/store.go:624.16,626.3 1 0
skillfun-mcp/internal/bundle/store.go:628.2,629.16 2 1
skillfun-mcp/internal/bundle/store.go:629.16,631.3 1 1
skillfun-mcp/internal/bundle/store.go:632.2,632.23 1 1
skillfun-mcp/internal/bundle/store.go:632.23,634.3 1 1
skillfun-mcp/internal/bundle/store.go:636.2,636.12 1 1
skillfun-mcp/internal/bundle/store.go:639.90,641.16 2 1
skillfun-mcp/internal/bundle/store.go:641.16,643.3 1 0
skillfun-mcp/internal/bundle/store.go:644.2,653.16 2 1
skillfun-mcp/internal/bundle/store.go:653.16,655.3 1 0
skillfun-mcp/internal/bundle/store.go:657.2,657.74 1 1
skillfun-mcp/internal/bundle/store.go:657.74,658.135 1 1
skillfun-mcp/internal/bundle/store.go:658.135,660.4 1 0
skillfun-mcp/internal/bundle/store.go:663.2,663.36 1 1
skillfun-mcp/internal/bundle/store.go:663.36,665.3 1 0
skillfun-mcp/internal/bundle/store.go:667.2,667.12 1 1
skillfun-mcp/internal/bundle/store.go:670.102,672.39 2 1
skillfun-mcp/internal/bundle/store.go:672.39,673.86 1 1
skillfun-mcp/internal/bundle/store.go:673.86,674.43 1 1
skillfun-mcp/internal/bundle/store.go:674.43,675.86 1 1
skillfun-mcp/internal/bundle/store.go:675.86,677.6 1 0
skillfun-mcp/internal/bundle/store.go:678.10,678.109 1 1
skillfun-mcp/internal/bundle/store.go:678.109,680.5 1 0
skillfun-mcp/internal/bundle/store.go:681.4,682.12 2 1
skillfun-mcp/internal/bundle/store.go:685.3,685.30 1 1
skillfun-mcp/internal/bundle/store.go:685.30,686.58 1 1
skillfun-mcp/internal/bundle/store.go:686.58,688.5 1 0
skillfun-mcp/internal/bundle/store.go:689.9,689.71 1 1
skillfun-mcp/internal/bundle/store.go:689.71,691.4 1 1
skillfun-mcp/internal/bundle/store.go:694.2,694.27 1 1
skillfun-mcp/internal/bundle/store.go:694.27,696.3 1 1
skillfun-mcp/internal/bundle/store.go:698.2,698.12 1 1
skillfun-mcp/internal/bundle/store.go:701.76,702.81 1 1
skillfun-mcp/internal/bundle/store.go:702.81,704.3 1 1
skillfun-mcp/internal/bundle/store.go:706.2,706.12 1 1
skillfun-mcp/internal/bundle/store.go:709.114,710.105 1 1
skillfun-mcp/internal/bundle/store.go:710.105,712.3 1 1
skillfun-mcp/internal/bundle/store.go:714.2,714.12 1 1
skillfun-mcp/internal/bundle/store.go:717.108,719.16 2 1
skillfun-mcp/internal/bundle/store.go:719.16,721.3 1 0
skillfun-mcp/internal/bundle/store.go:722.2,724.74 2 1
skillfun-mcp/internal/bundle/store.go:724.74,725.135 1 1
skillfun-mcp/internal/bundle/store.go:725.135,727.4 1 0
skillfun-mcp/internal/bundle/store.go:730.2,738.16 1 1
skillfun-mcp/internal/bundle/store.go:738.16,740.3 1 0
skillfun-mcp/internal/bundle/store.go:742.2,742.36 1 1
skillfun-mcp/internal/bundle/store.go:742.36,744.3 1 0
skillfun-mcp/internal/bundle/store.go:746.2,746.12 1 1
skillfun-mcp/internal/bundle/store.go:749.89,751.2 1 1
skillfun-mcp/internal/bundle/store.go:753.83,755.2 1 1
skillfun-mcp/internal/bundle/store.go:757.104,766.35 3 1
skillfun-mcp/internal/bundle/store.go:766.35,768.3 1 1
skillfun-mcp/internal/bundle/store.go:769.2,769.16 1 1
skillfun-mcp/internal/bundle/store.go:769.16,771.3 1 1
skillfun-mcp/internal/bundle/store.go:773.2,773.20 1 1
skillfun-mcp/internal/bundle/store.go:776.104,777.25 1 1
skillfun-mcp/internal/bundle/store.go:777.25,778.85 1 1
skillfun-mcp/internal/bundle/store.go:778.85,780.4 1 0
skillfun-mcp/internal/bundle/store.go:781.3,781.13 1 1
skillfun-mcp/internal/bundle/store.go:784.2,785.16 2 1
skillfun-mcp/internal/bundle/store.go:785.16,787.3 1 0
skillfun-mcp/internal/bundle/store.go:788.2,791.18 3 1
skillfun-mcp/internal/bundle/store.go:791.18,793.46 2 1
skillfun-mcp/internal/bundle/store.go:793.46,795.4 1 0
skillfun-mcp/internal/bundle/store.go:796.3,796.31 1 1
skillfun-mcp/internal/bundle/store.go:798.2,798.35 1 1
skillfun-mcp/internal/bundle/store.go:798.35,800.3 1 0
skillfun-mcp/internal/bundle/store.go:802.2,802.37 1 1
skillfun-mcp/internal/bundle/store.go:802.37,803.36 1 1
skillfun-mcp/internal/bundle/store.go:803.36,805.4 1 1
skillfun-mcp/internal/bundle/store.go:808.2,808.84 1 1
skillfun-mcp/internal/bundle/store.go:808.84,810.3 1 0
skillfun-mcp/internal/bundle/store.go:812.2,812.37 1 1
skillfun-mcp/internal/bundle/store.go:812.37,813.94 1 1
skillfun-mcp/internal/bundle/store.go:813.94,815.67 2 1
skillfun-mcp/internal/bundle/store.go:815.67,817.5 1 1
skillfun-mcp/internal/bundle/store.go:818.4,818.53 1 0
skillfun-mcp/internal/bundle/store.go:822.2,822.12 1 1
skillfun-mcp/internal/bundle/store.go:825.104,826.39 1 1
skillfun-mcp/internal/bundle/store.go:826.39,828.30 2 1
skillfun-mcp/internal/bundle/store.go:828.30,830.4 1 1
skillfun-mcp/internal/bundle/store.go:831.3,839.17 1 1
skillfun-mcp/internal/bundle/store.go:839.17,841.4 1 0
skillfun-mcp/internal/bundle/store.go:844.2,844.12 1 1
skillfun-mcp/internal/bundle/store.go:847.66,852.132 2 1
skillfun-mcp/internal/bundle/store.go:852.132,854.3 1 1
skillfun-mcp/internal/bundle/store.go:856.2,856.77 1 1
skillfun-mcp/internal/bundle/store.go:856.77,858.3 1 0
skillfun-mcp/internal/bundle/store.go:860.2,861.16 2 1
skillfun-mcp/internal/bundle/store.go:861.16,863.3 1 0
skillfun-mcp/internal/bundle/store.go:865.2,865.24 1 1
skillfun-mcp/internal/bundle/store.go:868.146,869.29 1 1
skillfun-mcp/internal/bundle/store.go:869.29,871.3 1 0
skillfun-mcp/internal/bundle/store.go:873.2,874.16 2 1
skillfun-mcp/internal/bundle/store.go:874.16,876.3 1 0
skillfun-mcp/internal/bundle/store.go:878.2,879.16 2 1
skillfun-mcp/internal/bundle/store.go:879.16,881.3 1 0
skillfun-mcp/internal/bundle/store.go:883.2,884.38 2 1
skillfun-mcp/internal/bundle/store.go:884.38,886.17 2 1
skillfun-mcp/internal/bundle/store.go:886.17,888.4 1 0
skillfun-mcp/internal/bundle/store.go:890.3,892.25 3 1
skillfun-mcp/internal/bundle/store.go:892.25,894.4 1 1
skillfun-mcp/internal/bundle/store.go:895.3,897.67 2 1
skillfun-mcp/internal/bundle/store.go:897.67,899.4 1 1
skillfun-mcp/internal/bundle/store.go:901.3,917.5 1 1
skillfun-mcp/internal/bundle/store.go:920.2,920.28 1 1
skillfun-mcp/internal/bundle/store.go:923.139,925.38 2 1
skillfun-mcp/internal/bundle/store.go:925.38,927.3 1 1
skillfun-mcp/internal/bundle/store.go:929.2,930.16 2 1
skillfun-mcp/internal/bundle/store.go:930.16,932.3 1 0
skillfun-mcp/internal/bundle/store.go:933.2,936.18 3 1
skillfun-mcp/internal/bundle/store.go:936.18,938.151 2 1
skillfun-mcp/internal/bundle/store.go:938.151,940.4 1 0
skillfun-mcp/internal/bundle/store.go:941.3,941.33 1 1
skillfun-mcp/internal/bundle/store.go:944.2,944.35 1 1
skillfun-mcp/internal/bundle/store.go:944.35,946.3 1 0
skillfun-mcp/internal/bundle/store.go:948.2,948.21 1 1
skillfun-mcp/internal/bundle/store.go:951.94,953.16 2 1
skillfun-mcp/internal/bundle/store.go:953.16,955.3 1 0
skillfun-mcp/internal/bundle/store.go:956.2,959.18 3 1
skillfun-mcp/internal/bundle/store.go:959.18,962.58 3 1
skillfun-mcp/internal/bundle/store.go:962.58,964.4 1 0
skillfun-mcp/internal/bundle/store.go:965.3,965.25 1 1
skillfun-mcp/internal/bundle/store.go:965.25,967.4 1 1
skillfun-mcp/internal/bundle/store.go:970.2,970.35 1 1
skillfun-mcp/internal/bundle/store.go:970.35,972.3 1 0
skillfun-mcp/internal/bundle/store.go:974.2,974.22 1 1
skillfun-mcp/internal/bundle/store.go:977.82,981.6 4 1
skillfun-mcp/internal/bundle/store.go:981.6,982.48 1 1
skillfun-mcp/internal/bundle/store.go:982.48,984.4 1 1
skillfun-mcp/internal/bundle/store.go:985.3,986.10 2 1
skillfun-mcp/internal/bundle/store.go:990.53,995.40 5 1
skillfun-mcp/internal/bundle/store.go:995.40,997.3 1 0
skillfun-mcp/internal/bundle/store.go:998.2,998.21 1 1
skillfun-mcp/internal/bundle/store.go:998.21,1000.3 1 1
skillfun-mcp/internal/bundle/store.go:1002.2,1002.18 1 1
skillfun-mcp/internal/bundle/store.go:1005.127,1006.29 1 1
skillfun-mcp/internal/bundle/store.go:1006.29,1008.3 1 1
skillfun-mcp/internal/bundle/store.go:1010.2,1013.38 4 1
skillfun-mcp/internal/bundle/store.go:1013.38,1017.23 4 1
skillfun-mcp/internal/bundle/store.go:1017.23,1019.4 1 0
skillfun-mcp/internal/bundle/store.go:1020.3,1020.53 1 1
skillfun-mcp/internal/bundle/store.go:1020.53,1021.12 1 0
skillfun-mcp/internal/bundle/store.go:1023.3,1023.28 1 1
skillfun-mcp/internal/bundle/store.go:1023.28,1025.4 1 1
skillfun-mcp/internal/bundle/store.go:1027.3,1029.64 3 1
skillfun-mcp/internal/bundle/store.go:1032.2,1032.51 1 1
skillfun-mcp/internal/bundle/store.go:1035.48,1036.143 1 1
skillfun-mcp/internal/bundle/store.go:1036.143,1038.3 1 1
skillfun-mcp/internal/bundle/store.go:1039.2,1039.12 1 1
skillfun-mcp/internal/bundle/store.go:1042.50,1044.2 1 1
skillfun-mcp/internal/bundle/store.go:1046.122,1047.30 1 1
skillfun-mcp/internal/bundle/store.go:1047.30,1048.63 1 1
skillfun-mcp/internal/bundle/store.go:1048.63,1050.4 1 0
skillfun-mcp/internal/bundle/store.go:1051.3,1051.122 1 1
skillfun-mcp/internal/bundle/store.go:1051.122,1052.91 1 1
skillfun-mcp/internal/bundle/store.go:1052.91,1054.5 1 1
skillfun-mcp/internal/bundle/store.go:1056.3,1056.33 1 1
skillfun-mcp/internal/bundle/store.go:1059.2,1059.71 1 1
skillfun-mcp/internal/bundle/store.go:1059.71,1061.3 1 1
skillfun-mcp/internal/bundle/store.go:1063.2,1063.41 1 1
skillfun-mcp/internal/bundle/store.go:1066.93,1068.145 2 1
skillfun-mcp/internal/bundle/store.go:1068.145,1070.3 1 0
skillfun-mcp/internal/bundle/store.go:1071.2,1071.88 1 1
skillfun-mcp/internal/bundle/store.go:1071.88,1073.3 1 1
skillfun-mcp/internal/bundle/store.go:1075.2,1076.118 2 1
skillfun-mcp/internal/bundle/store.go:1076.118,1078.3 1 0
skillfun-mcp/internal/bundle/store.go:1079.2,1079.50 1 1
skillfun-mcp/internal/bundle/store.go:1079.50,1081.3 1 1
skillfun-mcp/internal/bundle/store.go:1083.2,1083.12 1 0
skillfun-mcp/internal/bundle/store.go:1086.79,1087.26 1 1
skillfun-mcp/internal/bundle/store.go:1087.26,1089.17 2 1
skillfun-mcp/internal/bundle/store.go:1089.17,1091.4 1 0
skillfun-mcp/internal/bundle/store.go:1093.3,1094.96 2 1
skillfun-mcp/internal/bundle/store.go:1094.96,1096.4 1 0
skillfun-mcp/internal/bundle/store.go:1097.3,1097.14 1 1
skillfun-mcp/internal/bundle/store.go:1097.14,1099.4 1 1
skillfun-mcp/internal/bundle/store.go:1102.2,1102.30 1 0
skillfun-mcp/internal/bundle/store.go:1105.48,1108.50 3 1
skillfun-mcp/internal/bundle/store.go:1108.50,1110.3 1 0
skillfun-mcp/internal/bundle/store.go:1112.2,1113.41 2 1
skillfun-mcp/internal/bundle/store.go:1113.41,1115.3 1 1
skillfun-mcp/internal/bundle/store.go:1117.2,1117.31 1 1
skillfun-mcp/internal/bundle/store.go:1120.54,1123.37 3 1
skillfun-mcp/internal/bundle/store.go:1123.37,1125.20 2 1
skillfun-mcp/internal/bundle/store.go:1125.20,1126.12 1 1
skillfun-mcp/internal/bundle/store.go:1128.3,1128.41 1 1
skillfun-mcp/internal/bundle/store.go:1128.41,1129.12 1 1
skillfun-mcp/internal/bundle/store.go:1132.3,1133.43 2 1
skillfun-mcp/internal/bundle/store.go:1136.2,1136.19 1 1
skillfun-mcp/internal/bundle/store.go:1139.80,1140.29 1 1
skillfun-mcp/internal/bundle/store.go:1140.29,1142.3 1 1
skillfun-mcp/internal/bundle/store.go:1143.2,1144.11 2 1
skillfun-mcp/internal/bundle/store.go:1147.58,1148.23 1 1
skillfun-mcp/internal/bundle/store.go:1148.23,1150.3 1 1
skillfun-mcp/internal/bundle/store.go:1151.2,1151.20 1 1
skillfun-mcp/internal/bundle/store.go:1154.47,1155.36 1 1
skillfun-mcp/internal/bundle/store.go:1155.36,1157.3 1 1
skillfun-mcp/internal/bundle/store.go:1158.2,1158.14 1 1
